============================================================
  Generated by:           Genus(TM) Synthesis Solution 19.13-s073_1
  Generated on:           Mar 22 2024  06:45:01 pm
  Module:                 Bounce_flash
  Technology libraries:   slow_1v0 
                          pll 0.0
                          CDK_S128x16 0.0
                          CDK_S256x16 0.0
                          CDK_R512x16 0.0
                          physical_cells 
  Operating conditions:   slow 
  Interconnect mode:      global
  Area mode:              physical library
============================================================

Timing
--------

Clock Period 
-------------
clk   2200.0 


  Cost    Critical         Violating 
 Group   Path Slack  TNS     Paths   
-------------------------------------
clk             0.4   0.0          0 
default    No paths   0.0            
-------------------------------------
Total                 0.0          0 

Instance Count
--------------
Leaf Instance Count             194 
Physical Instance count           0 
Sequential Instance Count        26 
Combinational Instance Count    168 
Hierarchical Instance Count       0 

Area
----
Cell Area                          467.907
Physical Cell Area                 0.000
Total Cell Area (Cell+Physical)    467.907
Net Area                           242.610
Total Area (Cell+Physical+Net)     710.517

Runtime                            0.0 seconds
Elapsed Runtime                    57 seconds
Genus peak memory usage            1019.77 
Innovus peak memory usage          no_value 
Hostname                           localhost
