============================================================
  Generated by:           Genus(TM) Synthesis Solution 19.13-s073_1
  Generated on:           Mar 22 2024  06:45:02 pm
  Module:                 Bounce_flash
  Technology libraries:   slow_1v0 
                          pll 0.0
                          CDK_S128x16 0.0
                          CDK_S256x16 0.0
                          CDK_R512x16 0.0
                          physical_cells 
  Operating conditions:   slow 
  Interconnect mode:      global
  Area mode:              physical library
============================================================

                                Leakage  
   Gate    Instances   Area   Power (nW)   Library   
-----------------------------------------------------
ADDHX1             2    7.524      0.362    slow_1v0 
AND2X1             4    5.472      0.224    slow_1v0 
AND2X2             4    6.840      0.357    slow_1v0 
AND2X6             1    3.762      0.286    slow_1v0 
AND3X4             1    3.078      0.185    slow_1v0 
AO21X1             1    2.394      0.075    slow_1v0 
AO22X1             1    2.736      0.079    slow_1v0 
AO22X4             1    3.762      0.222    slow_1v0 
AOI211X2           2    6.840      0.451    slow_1v0 
AOI211XL           1    2.052      0.057    slow_1v0 
AOI21X1            8   13.680      0.650    slow_1v0 
AOI21X2            1    2.736      0.163    slow_1v0 
AOI222X1           1    3.078      0.127    slow_1v0 
AOI22X1            1    2.052      0.097    slow_1v0 
AOI22X2            1    3.762      0.193    slow_1v0 
AOI2BB1X1          1    2.052      0.086    slow_1v0 
AOI2BB1X2          1    3.078      0.135    slow_1v0 
BUFX2              1    1.710      0.085    slow_1v0 
BUFX6              1    3.078      0.270    slow_1v0 
CLKAND2X2          1    2.052      0.107    slow_1v0 
CLKAND2X3          2    6.156      0.345    slow_1v0 
CLKINVX4           2    3.420      0.266    slow_1v0 
DFFHQX1           18   98.496      4.746    slow_1v0 
DFFX1              1    7.182      0.256    slow_1v0 
DFFX2              6   49.248      2.003    slow_1v0 
DFFX4              1    9.234      0.517    slow_1v0 
INVX1             18   12.312      0.598    slow_1v0 
INVX3              1    1.368      0.100    slow_1v0 
NAND2BX1           3    4.104      0.254    slow_1v0 
NAND2X1           24   24.624      1.584    slow_1v0 
NAND2X2            5    8.550      0.660    slow_1v0 
NAND2X4            4   12.586      1.056    slow_1v0 
NAND2X6            1    4.566      0.396    slow_1v0 
NAND3BX2           1    3.078      0.215    slow_1v0 
NAND3X4            1    4.788      0.392    slow_1v0 
NOR2BX1            4    5.472      0.271    slow_1v0 
NOR2BX2            1    2.736      0.116    slow_1v0 
NOR2X1             8    8.208      0.389    slow_1v0 
NOR2X2             7   11.970      0.680    slow_1v0 
NOR2X4             6   18.468      1.166    slow_1v0 
NOR2X6             1    4.104      0.292    slow_1v0 
NOR3X1             1    1.710      0.064    slow_1v0 
OA21X1             2    4.104      0.141    slow_1v0 
OA21X4             1    3.762      0.204    slow_1v0 
OA22X1             1    2.394      0.083    slow_1v0 
OAI211X1          16   27.360      1.816    slow_1v0 
OAI21X1            5    8.550      0.406    slow_1v0 
OAI21X2            1    3.078      0.163    slow_1v0 
OAI221X1           3    7.182      0.386    slow_1v0 
OAI22X1            1    2.052      0.097    slow_1v0 
OAI2BB1X1          4    6.840      0.355    slow_1v0 
OAI31X1            1    2.052      0.102    slow_1v0 
OR2X1              1    1.368      0.071    slow_1v0 
OR2X2              1    1.710      0.104    slow_1v0 
OR2X6              1    3.762      0.344    slow_1v0 
OR2XL              1    1.368      0.057    slow_1v0 
OR3X1              2    4.104      0.179    slow_1v0 
OR4X1              2    4.104      0.217    slow_1v0 
-----------------------------------------------------
total            194  467.907     25.300             


                                          Leakage  Leakage 
     Type      Instances   Area  Area % Power (nW) Power % 
-----------------------------------------------------------
sequential            26 164.160   35.1      7.522    29.7 
inverter              21  17.100    3.7      0.963     3.8 
buffer                 2   4.788    1.0      0.356     1.4 
logic                145 281.859   60.2     16.460    65.1 
physical_cells         0   0.000    0.0      0.000     0.0 
-----------------------------------------------------------
total                194 467.907  100.0     25.300   100.0 

