A
A
A
A
A
A
A
A
A
A
B
B
B
B
B
B
B
B
B
B
B
B
B
B
B
B
B
B
B
B
B
B
B
B
B
B
B
B
B
B
B
B
B
B
B
B
B
B
B
B
B
B
B
B
B
B
B
B
B
iiiiii============================================================
  Generated by:           Genus(TM) Synthesis Solution 19.13-s073_1
  Generated on:           Mar 22 2024  04:20:17 pm
  Module:                 Bounce_flash
  Technology libraries:   slow_1v0
                          pll 0.0
                          CDK_S128x16 0.0
                          CDK_S256x16 0.0
                          CDK_R512x16 0.0
                          physical_cells
  Operating conditions:   slow
  Interconnect mode:	  global
  Area mode:              physical library
============================================================

Timing
--------

Clock Period
-------------
clk   2700.0

  Cost    Critical         Violating
 Group   Path Slack  TNS     Paths
-------------------------------------
clk             2.2   0.0          0
default    No paths   0.0
-------------------------------------
Total                 0.0          0

Instance Count
--------------
Leaf Instance Count             177
Physical Instance count           0
Sequential Instance Count        26
Combinational Instance Count    151
Hierarchical Instance Count	  0
Area
----
Cell Area                          406.980
Physical Cell Area                 0.000
Total Cell Area (Cell+Physical)    406.980
Net Area                           229.268
Total Area (Cell+Physical+Net)     636.248

Runtime                            0.0 seconds
Elapsed Runtime                    47 seconds
Genus peak memory usage            1017.61
Innovus peak memory usage          no_value
Hostname                           localhost
