
*** Running vivado
    with args -log Bounce_flash.vds -m64 -product Vivado -mode batch -messageDb vivado.pb -notrace -source Bounce_flash.tcl


ECHO is off.
ECHO is off.

****** Vivado v2023.1.1 (64-bit)
  **** SW Build 3900603 on Fri Jun 16 19:31:24 MDT 2023
  **** IP Build 3900379 on Sat Jun 17 05:28:05 MDT 2023
  **** SharedData Build 3899622 on Fri Jun 16 03:34:24 MDT 2023
    ** Copyright 1986-2022 Xilinx, Inc. All Rights Reserved.
    ** Copyright 2022-2023 Advanced Micro Devices, Inc. All Rights Reserved.

source Bounce_flash.tcl -notrace
create_project: Time (s): cpu = 00:00:02 ; elapsed = 00:00:05 . Memory (MB): peak = 457.293 ; gain = 159.699
Command: read_checkpoint -auto_incremental -incremental C:/Users/ADMIN/OneDrive/GitHub/HCMUT_LSI_Lab/Lab_1/Bounce_flash/Bounce_flash.srcs/utils_1/imports/synth_1/Bounce_flash.dcp
INFO: [Vivado 12-5825] Read reference checkpoint from C:/Users/ADMIN/OneDrive/GitHub/HCMUT_LSI_Lab/Lab_1/Bounce_flash/Bounce_flash.srcs/utils_1/imports/synth_1/Bounce_flash.dcp for incremental synthesis
INFO: [Vivado 12-7989] Please ensure there are no constraint changes
Command: synth_design -top Bounce_flash -part xc7z020clg484-1
Starting synth_design
Attempting to get a license for feature 'Synthesis' and/or device 'xc7z020'
INFO: [Common 17-349] Got license for feature 'Synthesis' and/or device 'xc7z020'
INFO: [Designutils 20-5440] No compile time benefit to using incremental synthesis; A full resynthesis will be run
INFO: [Designutils 20-4379] Flow is switching to default flow due to incremental criteria not met. If you would like to alter this behaviour and have the flow terminate instead, please set the following parameter config_implementation {autoIncr.Synth.RejectBehavior Terminate}
INFO: [Synth 8-7079] Multithreading enabled for synth_design using a maximum of 2 processes.
INFO: [Synth 8-7078] Launching helper process for spawning children vivado processes
INFO: [Synth 8-7075] Helper process launched with PID 8612
---------------------------------------------------------------------------------
Starting Synthesize : Time (s): cpu = 00:00:01 ; elapsed = 00:00:03 . Memory (MB): peak = 898.863 ; gain = 410.113
---------------------------------------------------------------------------------
INFO: [Synth 8-6157] synthesizing module 'Bounce_flash' [C:/Users/ADMIN/OneDrive/GitHub/HCMUT_LSI_Lab/Lab_1/Bounce_flash/Bounce_flash.srcs/sources_1/new/Bounce_flash.v:23]
ERROR: [Synth 8-7213] Expression condition using operand 'reset' does not match with the corresponding edges used in event control [C:/Users/ADMIN/OneDrive/GitHub/HCMUT_LSI_Lab/Lab_1/Bounce_flash/Bounce_flash.srcs/sources_1/new/Bounce_flash.v:49]
ERROR: [Synth 8-6156] failed synthesizing module 'Bounce_flash' [C:/Users/ADMIN/OneDrive/GitHub/HCMUT_LSI_Lab/Lab_1/Bounce_flash/Bounce_flash.srcs/sources_1/new/Bounce_flash.v:23]
---------------------------------------------------------------------------------
Finished Synthesize : Time (s): cpu = 00:00:01 ; elapsed = 00:00:04 . Memory (MB): peak = 989.035 ; gain = 500.285
---------------------------------------------------------------------------------
synthesize failed
INFO: [Common 17-83] Releasing license: Synthesis
10 Infos, 0 Warnings, 0 Critical Warnings and 3 Errors encountered.
synth_design failed
ERROR: [Common 17-69] Command failed: Vivado Synthesis failed
INFO: [Common 17-206] Exiting Vivado at Thu Mar  7 23:08:05 2024...
